TN:
SF:app.js
FN:30,(anonymous_0)
FN:35,(anonymous_1)
FNF:2
FNH:2
FNDA:2,(anonymous_0)
FNDA:39,(anonymous_1)
DA:5,4
DA:6,4
DA:8,4
DA:10,4
DA:11,4
DA:12,4
DA:13,4
DA:15,4
DA:17,4
DA:19,4
DA:20,4
DA:21,4
DA:22,4
DA:24,4
DA:25,4
DA:26,4
DA:30,4
DA:31,2
DA:35,4
DA:36,39
DA:37,39
DA:38,39
DA:40,39
DA:45,4
LF:24
LH:24
BRDA:36,0,0,1
BRDA:36,0,1,38
BRDA:37,1,0,39
BRDA:37,1,1,2
BRF:4
BRH:4
end_of_record
TN:
SF:config.js
FN:13,getDatabaseUri
FNF:1
FNH:1
FNDA:18,getDatabaseUri
DA:5,9
DA:6,9
DA:8,9
DA:10,9
DA:14,18
DA:22,9
DA:24,9
DA:25,9
DA:26,9
DA:27,9
DA:28,9
DA:29,9
DA:31,9
LF:13
LH:13
BRDA:8,0,0,9
BRDA:8,0,1,8
BRDA:10,1,0,9
BRDA:10,1,1,8
BRDA:14,2,0,15
BRDA:14,2,1,3
BRDA:16,3,0,3
BRDA:16,3,1,1
BRDA:22,4,0,8
BRDA:22,4,1,1
BRF:10
BRH:10
end_of_record
TN:
SF:db.js
FNF:0
FNH:0
DA:3,6
DA:4,6
DA:8,6
DA:9,0
DA:16,6
DA:21,6
DA:23,6
LF:7
LH:6
BRDA:8,0,0,0
BRDA:8,0,1,6
BRF:2
BRH:1
end_of_record
TN:
SF:expressError.js
FN:8,(anonymous_0)
FN:18,(anonymous_1)
FN:26,(anonymous_2)
FN:34,(anonymous_3)
FN:42,(anonymous_4)
FNF:5
FNH:4
FNDA:52,(anonymous_0)
FNDA:14,(anonymous_1)
FNDA:20,(anonymous_2)
FNDA:18,(anonymous_3)
FNDA:0,(anonymous_4)
DA:9,52
DA:10,52
DA:11,52
DA:19,14
DA:27,20
DA:35,18
DA:43,0
DA:47,8
LF:8
LH:7
BRDA:18,0,0,2
BRDA:26,1,0,16
BRDA:34,2,0,0
BRDA:42,3,0,0
BRF:4
BRH:2
end_of_record
TN:
SF:helpers/sql.js
FN:12,sqlForPartialUpdate
FN:16,(anonymous_1)
FNF:2
FNH:2
FNDA:17,sqlForPartialUpdate
FNDA:27,(anonymous_1)
DA:1,7
DA:13,17
DA:14,17
DA:16,14
DA:17,27
DA:20,14
DA:26,7
LF:7
LH:7
BRDA:14,0,0,3
BRDA:14,0,1,14
BRDA:17,1,0,27
BRDA:17,1,1,11
BRF:4
BRH:4
end_of_record
TN:
SF:helpers/tokens.js
FN:6,createToken
FNF:1
FNH:1
FNDA:13,createToken
DA:1,5
DA:2,5
DA:7,13
DA:10,13
DA:15,13
DA:18,5
LF:6
LH:6
BRDA:12,0,0,13
BRDA:12,0,1,8
BRF:2
BRH:2
end_of_record
TN:
SF:middleware/auth.js
FN:17,authenticateJWT
FN:35,ensureLoggedIn
FN:47,ensureAdmin
FN:63,ensureCorrectUserOrAdmin
FNF:4
FNH:4
FNDA:61,authenticateJWT
FNDA:2,ensureLoggedIn
FNDA:24,ensureAdmin
FNDA:16,ensureCorrectUserOrAdmin
DA:5,5
DA:6,5
DA:7,5
DA:18,61
DA:19,61
DA:20,61
DA:21,36
DA:22,36
DA:24,57
DA:26,4
DA:36,2
DA:37,2
DA:38,1
DA:40,1
DA:48,24
DA:49,24
DA:50,9
DA:52,15
DA:55,9
DA:64,16
DA:65,16
DA:66,16
DA:67,6
DA:69,10
DA:71,6
DA:76,5
LF:26
LH:26
BRDA:19,0,0,61
BRDA:19,0,1,60
BRDA:20,1,0,36
BRDA:20,1,1,25
BRDA:37,2,0,1
BRDA:37,2,1,1
BRDA:49,3,0,9
BRDA:49,3,1,15
BRDA:49,4,0,24
BRDA:49,4,1,20
BRDA:66,5,0,6
BRDA:66,5,1,10
BRDA:66,6,0,16
BRDA:66,6,1,10
BRDA:66,6,2,4
BRF:15
BRH:15
end_of_record
TN:
SF:models/_testCommon.js
FN:6,commonBeforeAll
FN:33,commonBeforeEach
FN:37,commonAfterEach
FN:41,commonAfterAll
FNF:4
FNH:4
FNDA:2,commonBeforeAll
FNDA:32,commonBeforeEach
FNDA:32,commonAfterEach
FNDA:2,commonAfterAll
DA:1,2
DA:3,2
DA:4,2
DA:8,2
DA:10,2
DA:12,2
DA:18,2
DA:34,32
DA:38,32
DA:42,2
DA:46,2
LF:11
LH:11
BRF:0
BRH:0
end_of_record
TN:
SF:models/company.js
FN:19,(anonymous_0)
FN:53,(anonymous_1)
FN:104,(anonymous_2)
FN:134,(anonymous_3)
FN:164,(anonymous_4)
FNF:5
FNH:5
FNDA:13,(anonymous_0)
FNDA:11,(anonymous_1)
FNDA:5,(anonymous_2)
FNDA:6,(anonymous_3)
FNDA:4,(anonymous_4)
DA:3,5
DA:4,5
DA:5,5
DA:20,13
DA:26,13
DA:27,1
DA:29,12
DA:42,12
DA:44,12
DA:55,11
DA:62,11
DA:63,11
DA:64,11
DA:66,11
DA:67,1
DA:70,10
DA:71,4
DA:72,4
DA:75,10
DA:76,3
DA:77,3
DA:80,10
DA:81,3
DA:82,3
DA:85,10
DA:86,7
DA:89,10
DA:90,10
DA:92,9
DA:105,5
DA:115,5
DA:117,5
DA:119,3
DA:135,6
DA:141,5
DA:143,5
DA:151,5
DA:152,5
DA:154,5
DA:156,3
DA:165,4
DA:171,4
DA:173,4
DA:178,5
LF:44
LH:44
BRDA:26,0,0,1
BRDA:26,0,1,12
BRDA:53,1,0,1
BRDA:66,2,0,1
BRDA:66,2,1,10
BRDA:70,3,0,4
BRDA:70,3,1,6
BRDA:75,4,0,3
BRDA:75,4,1,7
BRDA:80,5,0,3
BRDA:80,5,1,7
BRDA:85,6,0,7
BRDA:85,6,1,3
BRDA:117,7,0,2
BRDA:117,7,1,3
BRDA:154,8,0,2
BRDA:154,8,1,3
BRDA:173,9,0,2
BRDA:173,9,1,2
BRF:19
BRH:19
end_of_record
TN:
SF:models/user.js
FN:24,(anonymous_0)
FN:59,(anonymous_1)
FN:104,(anonymous_2)
FN:126,(anonymous_3)
FN:162,(anonymous_4)
FN:195,(anonymous_5)
FNF:6
FNH:6
FNDA:7,(anonymous_0)
FNDA:16,(anonymous_1)
FNDA:3,(anonymous_2)
FNDA:4,(anonymous_3)
FNDA:8,(anonymous_4)
FNDA:5,(anonymous_5)
DA:3,5
DA:4,5
DA:5,5
DA:10,5
DA:12,5
DA:26,7
DA:38,7
DA:40,7
DA:42,4
DA:43,4
DA:44,3
DA:45,3
DA:49,4
DA:61,16
DA:68,16
DA:69,1
DA:72,15
DA:74,15
DA:94,15
DA:96,15
DA:105,3
DA:115,2
DA:127,4
DA:138,4
DA:140,4
DA:142,2
DA:163,8
DA:164,2
DA:167,8
DA:174,7
DA:176,7
DA:184,7
DA:185,7
DA:187,7
DA:189,5
DA:190,5
DA:196,5
DA:203,5
DA:205,5
DA:210,5
LF:40
LH:40
BRDA:40,0,0,4
BRDA:40,0,1,3
BRDA:43,1,0,3
BRDA:43,1,1,1
BRDA:68,2,0,1
BRDA:68,2,1,15
BRDA:140,3,0,2
BRDA:140,3,1,2
BRDA:163,4,0,2
BRDA:163,4,1,6
BRDA:187,5,0,2
BRDA:187,5,1,5
BRDA:205,6,0,2
BRDA:205,6,1,3
BRF:14
BRH:14
end_of_record
TN:
SF:routes/_testCommon.js
FN:8,commonBeforeAll
FN:65,commonBeforeEach
FN:69,commonAfterEach
FN:73,commonAfterAll
FNF:4
FNH:4
FNDA:3,commonBeforeAll
FNDA:56,commonBeforeEach
FNDA:56,commonAfterEach
FNDA:3,commonAfterAll
DA:3,3
DA:4,3
DA:5,3
DA:6,3
DA:10,3
DA:12,3
DA:14,3
DA:22,3
DA:30,3
DA:39,3
DA:47,3
DA:55,3
DA:66,56
DA:70,56
DA:74,3
DA:78,3
DA:79,3
DA:81,3
LF:18
LH:18
BRF:0
BRH:0
end_of_record
TN:
SF:routes/auth.js
FN:22,(anonymous_0)
FN:26,(anonymous_1)
FN:48,(anonymous_2)
FN:52,(anonymous_3)
FNF:4
FNH:4
FNDA:5,(anonymous_0)
FNDA:2,(anonymous_1)
FNDA:3,(anonymous_2)
FNDA:5,(anonymous_3)
DA:5,4
DA:7,4
DA:8,4
DA:9,4
DA:10,4
DA:11,4
DA:12,4
DA:13,4
DA:22,4
DA:23,5
DA:24,5
DA:25,5
DA:26,2
DA:27,2
DA:30,3
DA:31,3
DA:32,1
DA:33,1
DA:35,4
DA:48,4
DA:49,3
DA:50,3
DA:51,3
DA:52,5
DA:53,2
DA:56,1
DA:57,1
DA:58,1
DA:60,2
DA:65,4
LF:30
LH:30
BRDA:25,0,0,2
BRDA:25,0,1,3
BRDA:51,1,0,2
BRDA:51,1,1,1
BRF:4
BRH:4
end_of_record
TN:
SF:routes/companies.js
FN:28,(anonymous_0)
FN:33,(anonymous_1)
FN:55,(anonymous_2)
FN:62,(anonymous_3)
FN:81,(anonymous_4)
FN:101,(anonymous_5)
FN:105,(anonymous_6)
FN:121,(anonymous_7)
FNF:8
FNH:8
FNDA:3,(anonymous_0)
FNDA:3,(anonymous_1)
FNDA:5,(anonymous_2)
FNDA:1,(anonymous_3)
FNDA:3,(anonymous_4)
FNDA:4,(anonymous_5)
FNDA:2,(anonymous_6)
FNDA:2,(anonymous_7)
DA:5,4
DA:6,4
DA:8,4
DA:9,4
DA:10,4
DA:12,4
DA:13,4
DA:14,4
DA:16,4
DA:28,4
DA:29,3
DA:30,3
DA:31,3
DA:32,3
DA:33,3
DA:34,2
DA:37,1
DA:38,1
DA:40,2
DA:55,4
DA:56,5
DA:57,5
DA:58,5
DA:59,5
DA:60,5
DA:61,5
DA:62,1
DA:63,1
DA:66,4
DA:67,3
DA:69,2
DA:81,4
DA:82,3
DA:83,3
DA:84,2
DA:86,1
DA:101,4
DA:102,4
DA:103,4
DA:104,4
DA:105,2
DA:106,2
DA:109,2
DA:110,1
DA:112,3
DA:121,4
DA:122,2
DA:123,2
DA:124,1
DA:126,1
DA:131,4
LF:51
LH:51
BRDA:32,0,0,2
BRDA:32,0,1,1
BRDA:58,1,0,3
BRDA:58,1,1,2
BRDA:59,2,0,1
BRDA:59,2,1,4
BRDA:61,3,0,1
BRDA:61,3,1,4
BRDA:104,4,0,2
BRDA:104,4,1,2
BRF:10
BRH:10
end_of_record
TN:
SF:routes/users.js
FN:30,(anonymous_0)
FN:34,(anonymous_1)
FN:54,(anonymous_2)
FN:71,(anonymous_3)
FN:91,(anonymous_4)
FN:95,(anonymous_5)
FN:112,(anonymous_6)
FNF:7
FNH:7
FNDA:4,(anonymous_0)
FNDA:5,(anonymous_1)
FNDA:2,(anonymous_2)
FNDA:2,(anonymous_3)
FNDA:5,(anonymous_4)
FNDA:1,(anonymous_5)
FNDA:3,(anonymous_6)
DA:5,4
DA:7,4
DA:8,4
DA:9,4
DA:10,4
DA:11,4
DA:12,4
DA:13,4
DA:15,4
DA:30,4
DA:31,4
DA:32,4
DA:33,4
DA:34,5
DA:35,2
DA:38,2
DA:39,2
DA:40,2
DA:42,2
DA:54,4
DA:55,2
DA:56,2
DA:57,1
DA:59,1
DA:71,4
DA:72,2
DA:73,2
DA:74,1
DA:76,1
DA:91,4
DA:92,5
DA:93,5
DA:94,5
DA:95,1
DA:96,1
DA:99,4
DA:100,3
DA:102,2
DA:112,4
DA:113,3
DA:114,3
DA:115,2
DA:117,1
DA:122,4
LF:44
LH:44
BRDA:33,0,0,2
BRDA:33,0,1,2
BRDA:94,1,0,1
BRDA:94,1,1,4
BRF:4
BRH:4
end_of_record
